  Draw_Objects_App.cpp
D:\Github Setup\OOP\Draw_Objects_App\Ellipse.h(27,136): warning C4244: 'argument': conversion from 'double' to 'int', possible loss of data
  (compiling source file 'Draw_Objects_App.cpp')
  
D:\Github Setup\OOP\Draw_Objects_App\Ellipse.h(27,121): warning C4244: 'argument': conversion from 'double' to 'int', possible loss of data
  (compiling source file 'Draw_Objects_App.cpp')
  
D:\Github Setup\OOP\Draw_Objects_App\Ellipse.h(27,106): warning C4244: 'argument': conversion from 'double' to 'int', possible loss of data
  (compiling source file 'Draw_Objects_App.cpp')
  
D:\Github Setup\OOP\Draw_Objects_App\Ellipse.h(27,91): warning C4244: 'argument': conversion from 'double' to 'int', possible loss of data
  (compiling source file 'Draw_Objects_App.cpp')
  
D:\Github Setup\OOP\Draw_Objects_App\Draw_Objects_App.cpp(147,17): warning C4101: 'i': unreferenced local variable
D:\Github Setup\OOP\Draw_Objects_App\Draw_Objects_App.cpp(386,14): warning C4101: 'hpen': unreferenced local variable
  Ellipse.cpp
D:\Github Setup\OOP\Draw_Objects_App\Ellipse.h(27,136): warning C4244: 'argument': conversion from 'double' to 'int', possible loss of data
  (compiling source file 'Ellipse.cpp')
  
D:\Github Setup\OOP\Draw_Objects_App\Ellipse.h(27,121): warning C4244: 'argument': conversion from 'double' to 'int', possible loss of data
  (compiling source file 'Ellipse.cpp')
  
D:\Github Setup\OOP\Draw_Objects_App\Ellipse.h(27,106): warning C4244: 'argument': conversion from 'double' to 'int', possible loss of data
  (compiling source file 'Ellipse.cpp')
  
D:\Github Setup\OOP\Draw_Objects_App\Ellipse.h(27,91): warning C4244: 'argument': conversion from 'double' to 'int', possible loss of data
  (compiling source file 'Ellipse.cpp')
  
D:\Github Setup\OOP\Draw_Objects_App\Ellipse.cpp(31,22): warning C4244: 'argument': conversion from 'double' to 'int', possible loss of data
D:\Github Setup\OOP\Draw_Objects_App\Ellipse.cpp(31,19): warning C4244: 'argument': conversion from 'double' to 'int', possible loss of data
D:\Github Setup\OOP\Draw_Objects_App\Ellipse.cpp(36,47): warning C4244: 'argument': conversion from 'double' to 'int', possible loss of data
D:\Github Setup\OOP\Draw_Objects_App\Ellipse.cpp(36,38): warning C4244: 'argument': conversion from 'double' to 'int', possible loss of data
D:\Github Setup\OOP\Draw_Objects_App\Ellipse.cpp(36,29): warning C4244: 'argument': conversion from 'double' to 'int', possible loss of data
D:\Github Setup\OOP\Draw_Objects_App\Ellipse.cpp(36,20): warning C4244: 'argument': conversion from 'double' to 'int', possible loss of data
  Point.cpp
D:\Github Setup\OOP\Draw_Objects_App\Point.cpp(34,19): warning C4244: 'argument': conversion from 'double' to 'int', possible loss of data
D:\Github Setup\OOP\Draw_Objects_App\Point.cpp(34,16): warning C4244: 'argument': conversion from 'double' to 'int', possible loss of data
D:\Github Setup\OOP\Draw_Objects_App\Point.cpp(37,24): warning C4244: 'argument': conversion from 'double' to 'int', possible loss of data
D:\Github Setup\OOP\Draw_Objects_App\Point.cpp(37,19): warning C4244: 'argument': conversion from 'double' to 'int', possible loss of data
D:\Github Setup\OOP\Draw_Objects_App\Point.cpp(38,24): warning C4244: 'argument': conversion from 'double' to 'int', possible loss of data
D:\Github Setup\OOP\Draw_Objects_App\Point.cpp(38,19): warning C4244: 'argument': conversion from 'double' to 'int', possible loss of data
D:\Github Setup\OOP\Draw_Objects_App\Point.cpp(39,22): warning C4244: 'argument': conversion from 'double' to 'int', possible loss of data
D:\Github Setup\OOP\Draw_Objects_App\Point.cpp(39,17): warning C4244: 'argument': conversion from 'double' to 'int', possible loss of data
D:\Github Setup\OOP\Draw_Objects_App\Point.cpp(40,22): warning C4244: 'argument': conversion from 'double' to 'int', possible loss of data
D:\Github Setup\OOP\Draw_Objects_App\Point.cpp(40,17): warning C4244: 'argument': conversion from 'double' to 'int', possible loss of data
  Polygon.cpp
D:\Github Setup\OOP\Draw_Objects_App\Ellipse.h(27,136): warning C4244: 'argument': conversion from 'double' to 'int', possible loss of data
  (compiling source file 'Polygon.cpp')
  
D:\Github Setup\OOP\Draw_Objects_App\Ellipse.h(27,121): warning C4244: 'argument': conversion from 'double' to 'int', possible loss of data
  (compiling source file 'Polygon.cpp')
  
D:\Github Setup\OOP\Draw_Objects_App\Ellipse.h(27,106): warning C4244: 'argument': conversion from 'double' to 'int', possible loss of data
  (compiling source file 'Polygon.cpp')
  
D:\Github Setup\OOP\Draw_Objects_App\Ellipse.h(27,91): warning C4244: 'argument': conversion from 'double' to 'int', possible loss of data
  (compiling source file 'Polygon.cpp')
  
D:\Github Setup\OOP\Draw_Objects_App\Polygon.cpp(77,9): warning C4101: 'a': unreferenced local variable
D:\Github Setup\OOP\Draw_Objects_App\Polygon.cpp(77,12): warning C4101: 'b': unreferenced local variable
D:\Github Setup\OOP\Draw_Objects_App\Polygon.cpp(109,22): warning C4244: 'argument': conversion from 'double' to 'int', possible loss of data
D:\Github Setup\OOP\Draw_Objects_App\Polygon.cpp(109,19): warning C4244: 'argument': conversion from 'double' to 'int', possible loss of data
D:\Github Setup\OOP\Draw_Objects_App\Polygon.cpp(114,47): warning C4244: 'argument': conversion from 'double' to 'int', possible loss of data
D:\Github Setup\OOP\Draw_Objects_App\Polygon.cpp(114,38): warning C4244: 'argument': conversion from 'double' to 'int', possible loss of data
D:\Github Setup\OOP\Draw_Objects_App\Polygon.cpp(114,29): warning C4244: 'argument': conversion from 'double' to 'int', possible loss of data
D:\Github Setup\OOP\Draw_Objects_App\Polygon.cpp(114,20): warning C4244: 'argument': conversion from 'double' to 'int', possible loss of data
D:\Github Setup\OOP\Draw_Objects_App\Polygon.cpp(128,28): warning C4244: '=': conversion from 'double' to 'LONG', possible loss of data
D:\Github Setup\OOP\Draw_Objects_App\Polygon.cpp(129,28): warning C4244: '=': conversion from 'double' to 'LONG', possible loss of data
  Quadrangle.cpp
D:\Github Setup\OOP\Draw_Objects_App\Ellipse.h(27,136): warning C4244: 'argument': conversion from 'double' to 'int', possible loss of data
  (compiling source file 'Quadrangle.cpp')
  
D:\Github Setup\OOP\Draw_Objects_App\Ellipse.h(27,121): warning C4244: 'argument': conversion from 'double' to 'int', possible loss of data
  (compiling source file 'Quadrangle.cpp')
  
D:\Github Setup\OOP\Draw_Objects_App\Ellipse.h(27,106): warning C4244: 'argument': conversion from 'double' to 'int', possible loss of data
  (compiling source file 'Quadrangle.cpp')
  
D:\Github Setup\OOP\Draw_Objects_App\Ellipse.h(27,91): warning C4244: 'argument': conversion from 'double' to 'int', possible loss of data
  (compiling source file 'Quadrangle.cpp')
  
  Shape.cpp
  Triangle.cpp
D:\Github Setup\OOP\Draw_Objects_App\Ellipse.h(27,136): warning C4244: 'argument': conversion from 'double' to 'int', possible loss of data
  (compiling source file 'Triangle.cpp')
  
D:\Github Setup\OOP\Draw_Objects_App\Ellipse.h(27,121): warning C4244: 'argument': conversion from 'double' to 'int', possible loss of data
  (compiling source file 'Triangle.cpp')
  
D:\Github Setup\OOP\Draw_Objects_App\Ellipse.h(27,106): warning C4244: 'argument': conversion from 'double' to 'int', possible loss of data
  (compiling source file 'Triangle.cpp')
  
D:\Github Setup\OOP\Draw_Objects_App\Ellipse.h(27,91): warning C4244: 'argument': conversion from 'double' to 'int', possible loss of data
  (compiling source file 'Triangle.cpp')
  
  Generating Code...
  Draw_Objects_App.vcxproj -> D:\Github Setup\OOP\x64\Debug\Draw_Objects_App.exe
